This file contains any messages produced by compilers while
running configure, to aid debugging if configure makes a mistake.

It was created by cppweka configure 1.0, which was
generated by GNU Autoconf 2.68.  Invocation command line was

  $ ./configure CC=/usr/lib64/ccache/gcc CXX=/usr/lib64/ccache/g++ CFLAGS=-g3 -gdwarf-2 CXXFLAGS=-g3 -gdwarf-2

## --------- ##
## Platform. ##
## --------- ##

hostname = knoesis157
uname -m = x86_64
uname -r = 2.6.43.8-1.fc15.x86_64
uname -s = Linux
uname -v = #1 SMP Mon Jun 4 20:33:44 UTC 2012

/usr/bin/uname -p = unknown
/bin/uname -X     = unknown

/bin/arch              = x86_64
/usr/bin/arch -k       = unknown
/usr/convex/getsysinfo = unknown
/usr/bin/hostinfo      = unknown
/bin/machine           = unknown
/usr/bin/oslevel       = unknown
/bin/universe          = unknown

PATH: /usr/lib64/ccache
PATH: /bin
PATH: /usr/bin
PATH: /usr/lib64/qt-3.3/bin
PATH: /usr/lib64/ccache
PATH: /usr/local/bin
PATH: /usr/bin
PATH: /bin
PATH: /usr/local/sbin
PATH: /usr/sbin
PATH: /sbin
PATH: /opt/real/RealPlayer
PATH: /bin
PATH: /bin
PATH: /home/ada/softwares/hadoop/bin
PATH: /home/ada/softwares/hbase-0.92.1/bin
PATH: /home/ada/softwares/Starfish/starfish/bin
PATH: /home/ada/softwares/Starfish/starfish/visualizer
PATH: /home/ada/softwares/hadoop/jython
PATH: /home/ada/softwares/javafx-sdk1.2/bin
PATH: /home/ada/softwares/hive-0.8.1/bin
PATH: /usr/java/jdk1.7.0_02/bin
PATH: /usr/java/latest/bin
PATH: /usr/lib64/qt-3.3/bin
PATH: /usr/lib64/ccache
PATH: /usr/local/bin
PATH: /usr/bin
PATH: /bin
PATH: /usr/local/sbin
PATH: /usr/sbin
PATH: /sbin
PATH: /opt/real/RealPlayer
PATH: /bin
PATH: /bin
PATH: /home/ada/softwares/hadoop/bin
PATH: /home/ada/softwares/hbase-0.92.1/bin
PATH: /home/ada/softwares/Starfish/starfish/bin
PATH: /home/ada/softwares/Starfish/starfish/visualizer
PATH: /home/ada/softwares/hadoop/jython
PATH: /home/ada/softwares/javafx-sdk1.2/bin
PATH: /home/ada/softwares/hive-0.8.1/bin
PATH: /usr/java/jdk1.7.0_02/bin
PATH: /home/ada/softwares/aws-ec2/bin
PATH: /usr/local/texlive/2012/bin/x86_64-linux
PATH: /opt/real/RealPlayer
PATH: /bin
PATH: /bin
PATH: /home/ada/softwares/hadoop/bin
PATH: /home/ada/softwares/hbase-0.92.1/bin
PATH: /home/ada/softwares/Starfish/starfish/bin
PATH: /home/ada/softwares/Starfish/starfish/visualizer
PATH: /home/ada/softwares/hadoop/jython
PATH: /home/ada/softwares/javafx-sdk1.2/bin
PATH: /home/ada/softwares/hive-0.8.1/bin
PATH: /usr/java/jdk1.7.0_02/bin
PATH: /usr/java/latest/bin
PATH: /usr/lib64/qt-3.3/bin
PATH: /usr/lib64/ccache
PATH: /usr/local/bin
PATH: /usr/bin
PATH: /bin
PATH: /usr/local/sbin
PATH: /usr/sbin
PATH: /sbin
PATH: /opt/real/RealPlayer
PATH: /bin
PATH: /bin
PATH: /home/ada/softwares/hadoop/bin
PATH: /home/ada/softwares/hbase-0.92.1/bin
PATH: /home/ada/softwares/Starfish/starfish/bin
PATH: /home/ada/softwares/Starfish/starfish/visualizer
PATH: /home/ada/softwares/hadoop/jython
PATH: /home/ada/softwares/javafx-sdk1.2/bin
PATH: /home/ada/softwares/hive-0.8.1/bin
PATH: /usr/java/jdk1.7.0_02/bin
PATH: /usr/java/latest/bin
PATH: /usr/lib64/qt-3.3/bin
PATH: /usr/lib64/ccache
PATH: /usr/local/bin
PATH: /usr/bin
PATH: /bin
PATH: /usr/local/sbin
PATH: /usr/sbin
PATH: /sbin
PATH: /opt/real/RealPlayer
PATH: /bin
PATH: /bin
PATH: /home/ada/softwares/hadoop/bin
PATH: /home/ada/softwares/hbase-0.92.1/bin
PATH: /home/ada/softwares/Starfish/starfish/bin
PATH: /home/ada/softwares/Starfish/starfish/visualizer
PATH: /home/ada/softwares/hadoop/jython
PATH: /home/ada/softwares/javafx-sdk1.2/bin
PATH: /home/ada/softwares/hive-0.8.1/bin
PATH: /usr/java/jdk1.7.0_02/bin
PATH: /home/ada/softwares/aws-ec2/bin
PATH: /usr/local/texlive/2012/bin/x86_64-linux
PATH: /opt/real/RealPlayer
PATH: /bin
PATH: /bin
PATH: /home/ada/softwares/hadoop/bin
PATH: /home/ada/softwares/hbase-0.92.1/bin
PATH: /home/ada/softwares/Starfish/starfish/bin
PATH: /home/ada/softwares/Starfish/starfish/visualizer
PATH: /home/ada/softwares/hadoop/jython
PATH: /home/ada/softwares/javafx-sdk1.2/bin
PATH: /home/ada/softwares/hive-0.8.1/bin
PATH: /usr/java/jdk1.7.0_02/bin
PATH: /home/ada/softwares/aws-ec2/bin
PATH: /usr/local/texlive/2012/bin/x86_64-linux


## ----------- ##
## Core tests. ##
## ----------- ##

configure:2172: checking for a BSD-compatible install
configure:2240: result: /usr/bin/install -c
configure:2251: checking whether build environment is sane
configure:2301: result: yes
configure:2442: checking for a thread-safe mkdir -p
configure:2481: result: /bin/mkdir -p
configure:2494: checking for gawk
configure:2510: found /bin/gawk
configure:2521: result: gawk
configure:2532: checking whether make sets $(MAKE)
configure:2554: result: yes
configure:2751: checking for C++ compiler version
configure:2760: /usr/lib64/ccache/g++ --version >&5
g++ (GCC) 4.6.3 20120306 (Red Hat 4.6.3-2)
Copyright (C) 2011 Free Software Foundation, Inc.
This is free software; see the source for copying conditions.  There is NO
warranty; not even for MERCHANTABILITY or FITNESS FOR A PARTICULAR PURPOSE.

configure:2771: $? = 0
configure:2760: /usr/lib64/ccache/g++ -v >&5
Using built-in specs.
COLLECT_GCC=/usr/bin/g++
COLLECT_LTO_WRAPPER=/usr/libexec/gcc/x86_64-redhat-linux/4.6.3/lto-wrapper
Target: x86_64-redhat-linux
Configured with: ../configure --prefix=/usr --mandir=/usr/share/man --infodir=/usr/share/info --with-bugurl=http://bugzilla.redhat.com/bugzilla --enable-bootstrap --enable-shared --enable-threads=posix --enable-checking=release --with-system-zlib --enable-__cxa_atexit --disable-libunwind-exceptions --enable-gnu-unique-object --enable-linker-build-id --enable-languages=c,c++,objc,obj-c++,java,fortran,ada,go,lto --enable-plugin --enable-java-awt=gtk --disable-dssi --with-java-home=/usr/lib/jvm/java-1.5.0-gcj-1.5.0.0/jre --enable-libgcj-multifile --enable-java-maintainer-mode --with-ecj-jar=/usr/share/java/eclipse-ecj.jar --disable-libjava-multilib --with-ppl --with-cloog --with-tune=generic --with-arch_32=i686 --build=x86_64-redhat-linux
Thread model: posix
gcc version 4.6.3 20120306 (Red Hat 4.6.3-2) (GCC) 
configure:2771: $? = 0
configure:2760: /usr/lib64/ccache/g++ -V >&5
g++: error: unrecognized option '-V'
g++: fatal error: no input files
compilation terminated.
configure:2771: $? = 4
configure:2760: /usr/lib64/ccache/g++ -qversion >&5
g++: error: unrecognized option '-qversion'
g++: fatal error: no input files
compilation terminated.
configure:2771: $? = 4
configure:2791: checking whether the C++ compiler works
configure:2813: /usr/lib64/ccache/g++ -g3 -gdwarf-2   conftest.cpp  >&5
configure:2817: $? = 0
configure:2865: result: yes
configure:2868: checking for C++ compiler default output file name
configure:2870: result: a.out
configure:2876: checking for suffix of executables
configure:2883: /usr/lib64/ccache/g++ -o conftest -g3 -gdwarf-2   conftest.cpp  >&5
configure:2887: $? = 0
configure:2909: result: 
configure:2931: checking whether we are cross compiling
configure:2939: /usr/lib64/ccache/g++ -o conftest -g3 -gdwarf-2   conftest.cpp  >&5
configure:2943: $? = 0
configure:2950: ./conftest
configure:2954: $? = 0
configure:2969: result: no
configure:2974: checking for suffix of object files
configure:2996: /usr/lib64/ccache/g++ -c -g3 -gdwarf-2  conftest.cpp >&5
configure:3000: $? = 0
configure:3021: result: o
configure:3025: checking whether we are using the GNU C++ compiler
configure:3044: /usr/lib64/ccache/g++ -c -g3 -gdwarf-2  conftest.cpp >&5
configure:3044: $? = 0
configure:3053: result: yes
configure:3062: checking whether /usr/lib64/ccache/g++ accepts -g
configure:3082: /usr/lib64/ccache/g++ -c -g  conftest.cpp >&5
configure:3082: $? = 0
configure:3123: result: yes
configure:3157: checking for style of include used by make
configure:3185: result: GNU
configure:3210: checking dependency style of /usr/lib64/ccache/g++
configure:3320: result: gcc3
configure:3383: checking for gcc
configure:3410: result: /usr/lib64/ccache/gcc
configure:3639: checking for C compiler version
configure:3648: /usr/lib64/ccache/gcc --version >&5
gcc (GCC) 4.6.3 20120306 (Red Hat 4.6.3-2)
Copyright (C) 2011 Free Software Foundation, Inc.
This is free software; see the source for copying conditions.  There is NO
warranty; not even for MERCHANTABILITY or FITNESS FOR A PARTICULAR PURPOSE.

configure:3659: $? = 0
configure:3648: /usr/lib64/ccache/gcc -v >&5
Using built-in specs.
COLLECT_GCC=/usr/bin/gcc
COLLECT_LTO_WRAPPER=/usr/libexec/gcc/x86_64-redhat-linux/4.6.3/lto-wrapper
Target: x86_64-redhat-linux
Configured with: ../configure --prefix=/usr --mandir=/usr/share/man --infodir=/usr/share/info --with-bugurl=http://bugzilla.redhat.com/bugzilla --enable-bootstrap --enable-shared --enable-threads=posix --enable-checking=release --with-system-zlib --enable-__cxa_atexit --disable-libunwind-exceptions --enable-gnu-unique-object --enable-linker-build-id --enable-languages=c,c++,objc,obj-c++,java,fortran,ada,go,lto --enable-plugin --enable-java-awt=gtk --disable-dssi --with-java-home=/usr/lib/jvm/java-1.5.0-gcj-1.5.0.0/jre --enable-libgcj-multifile --enable-java-maintainer-mode --with-ecj-jar=/usr/share/java/eclipse-ecj.jar --disable-libjava-multilib --with-ppl --with-cloog --with-tune=generic --with-arch_32=i686 --build=x86_64-redhat-linux
Thread model: posix
gcc version 4.6.3 20120306 (Red Hat 4.6.3-2) (GCC) 
configure:3659: $? = 0
configure:3648: /usr/lib64/ccache/gcc -V >&5
gcc: error: unrecognized option '-V'
gcc: fatal error: no input files
compilation terminated.
configure:3659: $? = 4
configure:3648: /usr/lib64/ccache/gcc -qversion >&5
gcc: error: unrecognized option '-qversion'
gcc: fatal error: no input files
compilation terminated.
configure:3659: $? = 4
configure:3663: checking whether we are using the GNU C compiler
configure:3682: /usr/lib64/ccache/gcc -c -g3 -gdwarf-2  conftest.c >&5
configure:3682: $? = 0
configure:3691: result: yes
configure:3700: checking whether /usr/lib64/ccache/gcc accepts -g
configure:3720: /usr/lib64/ccache/gcc -c -g  conftest.c >&5
configure:3720: $? = 0
configure:3761: result: yes
configure:3778: checking for /usr/lib64/ccache/gcc option to accept ISO C89
configure:3842: /usr/lib64/ccache/gcc  -c -g3 -gdwarf-2  conftest.c >&5
configure:3842: $? = 0
configure:3855: result: none needed
configure:3877: checking dependency style of /usr/lib64/ccache/gcc
configure:3987: result: gcc3
configure:4007: checking how to run the C preprocessor
configure:4038: /usr/lib64/ccache/gcc -E  conftest.c
configure:4038: $? = 0
configure:4052: /usr/lib64/ccache/gcc -E  conftest.c
conftest.c:11:28: fatal error: ac_nonexistent.h: No such file or directory
compilation terminated.
configure:4052: $? = 1
configure: failed program was:
| /* confdefs.h */
| #define PACKAGE_NAME "cppweka"
| #define PACKAGE_TARNAME "cppweka"
| #define PACKAGE_VERSION "1.0"
| #define PACKAGE_STRING "cppweka 1.0"
| #define PACKAGE_BUGREPORT "guo.18@wright.edu"
| #define PACKAGE_URL ""
| #define PACKAGE "cppweka"
| #define VERSION "1.0"
| /* end confdefs.h.  */
| #include <ac_nonexistent.h>
configure:4077: result: /usr/lib64/ccache/gcc -E
configure:4097: /usr/lib64/ccache/gcc -E  conftest.c
configure:4097: $? = 0
configure:4111: /usr/lib64/ccache/gcc -E  conftest.c
conftest.c:11:28: fatal error: ac_nonexistent.h: No such file or directory
compilation terminated.
configure:4111: $? = 1
configure: failed program was:
| /* confdefs.h */
| #define PACKAGE_NAME "cppweka"
| #define PACKAGE_TARNAME "cppweka"
| #define PACKAGE_VERSION "1.0"
| #define PACKAGE_STRING "cppweka 1.0"
| #define PACKAGE_BUGREPORT "guo.18@wright.edu"
| #define PACKAGE_URL ""
| #define PACKAGE "cppweka"
| #define VERSION "1.0"
| /* end confdefs.h.  */
| #include <ac_nonexistent.h>
configure:4147: checking for grep that handles long lines and -e
configure:4205: result: /bin/grep
configure:4210: checking for egrep
configure:4272: result: /bin/grep -E
configure:4277: checking for ANSI C header files
configure:4297: /usr/lib64/ccache/gcc -c -g3 -gdwarf-2  conftest.c >&5
configure:4297: $? = 0
configure:4370: /usr/lib64/ccache/gcc -o conftest -g3 -gdwarf-2   conftest.c  >&5
configure:4370: $? = 0
configure:4370: ./conftest
configure:4370: $? = 0
configure:4381: result: yes
configure:4394: checking for sys/types.h
configure:4394: /usr/lib64/ccache/gcc -c -g3 -gdwarf-2  conftest.c >&5
configure:4394: $? = 0
configure:4394: result: yes
configure:4394: checking for sys/stat.h
configure:4394: /usr/lib64/ccache/gcc -c -g3 -gdwarf-2  conftest.c >&5
configure:4394: $? = 0
configure:4394: result: yes
configure:4394: checking for stdlib.h
configure:4394: /usr/lib64/ccache/gcc -c -g3 -gdwarf-2  conftest.c >&5
configure:4394: $? = 0
configure:4394: result: yes
configure:4394: checking for string.h
configure:4394: /usr/lib64/ccache/gcc -c -g3 -gdwarf-2  conftest.c >&5
configure:4394: $? = 0
configure:4394: result: yes
configure:4394: checking for memory.h
configure:4394: /usr/lib64/ccache/gcc -c -g3 -gdwarf-2  conftest.c >&5
configure:4394: $? = 0
configure:4394: result: yes
configure:4394: checking for strings.h
configure:4394: /usr/lib64/ccache/gcc -c -g3 -gdwarf-2  conftest.c >&5
configure:4394: $? = 0
configure:4394: result: yes
configure:4394: checking for inttypes.h
configure:4394: /usr/lib64/ccache/gcc -c -g3 -gdwarf-2  conftest.c >&5
configure:4394: $? = 0
configure:4394: result: yes
configure:4394: checking for stdint.h
configure:4394: /usr/lib64/ccache/gcc -c -g3 -gdwarf-2  conftest.c >&5
configure:4394: $? = 0
configure:4394: result: yes
configure:4394: checking for unistd.h
configure:4394: /usr/lib64/ccache/gcc -c -g3 -gdwarf-2  conftest.c >&5
configure:4394: $? = 0
configure:4394: result: yes
configure:4406: checking for stdbool.h that conforms to C99
configure:4473: /usr/lib64/ccache/gcc -c -g3 -gdwarf-2  conftest.c >&5
configure:4473: $? = 0
configure:4480: result: yes
configure:4482: checking for _Bool
configure:4482: /usr/lib64/ccache/gcc -c -g3 -gdwarf-2  conftest.c >&5
configure:4482: $? = 0
configure:4482: /usr/lib64/ccache/gcc -c -g3 -gdwarf-2  conftest.c >&5
conftest.c: In function 'main':
conftest.c:57:20: error: expected expression before ')' token
configure:4482: $? = 1
configure: failed program was:
| /* confdefs.h */
| #define PACKAGE_NAME "cppweka"
| #define PACKAGE_TARNAME "cppweka"
| #define PACKAGE_VERSION "1.0"
| #define PACKAGE_STRING "cppweka 1.0"
| #define PACKAGE_BUGREPORT "guo.18@wright.edu"
| #define PACKAGE_URL ""
| #define PACKAGE "cppweka"
| #define VERSION "1.0"
| #define STDC_HEADERS 1
| #define HAVE_SYS_TYPES_H 1
| #define HAVE_SYS_STAT_H 1
| #define HAVE_STDLIB_H 1
| #define HAVE_STRING_H 1
| #define HAVE_MEMORY_H 1
| #define HAVE_STRINGS_H 1
| #define HAVE_INTTYPES_H 1
| #define HAVE_STDINT_H 1
| #define HAVE_UNISTD_H 1
| /* end confdefs.h.  */
| #include <stdio.h>
| #ifdef HAVE_SYS_TYPES_H
| # include <sys/types.h>
| #endif
| #ifdef HAVE_SYS_STAT_H
| # include <sys/stat.h>
| #endif
| #ifdef STDC_HEADERS
| # include <stdlib.h>
| # include <stddef.h>
| #else
| # ifdef HAVE_STDLIB_H
| #  include <stdlib.h>
| # endif
| #endif
| #ifdef HAVE_STRING_H
| # if !defined STDC_HEADERS && defined HAVE_MEMORY_H
| #  include <memory.h>
| # endif
| # include <string.h>
| #endif
| #ifdef HAVE_STRINGS_H
| # include <strings.h>
| #endif
| #ifdef HAVE_INTTYPES_H
| # include <inttypes.h>
| #endif
| #ifdef HAVE_STDINT_H
| # include <stdint.h>
| #endif
| #ifdef HAVE_UNISTD_H
| # include <unistd.h>
| #endif
| int
| main ()
| {
| if (sizeof ((_Bool)))
| 	    return 0;
|   ;
|   return 0;
| }
configure:4482: result: yes
configure:4503: checking for floor
configure:4503: /usr/lib64/ccache/gcc -o conftest -g3 -gdwarf-2   conftest.c  >&5
conftest.c:46:6: warning: conflicting types for built-in function 'floor' [enabled by default]
/tmp/ccH6vMNZ.o: In function `main':
/home/ada/workspace/cppweka/core/conftest.c:57: undefined reference to `floor'
collect2: ld returned 1 exit status
configure:4503: $? = 1
configure: failed program was:
| /* confdefs.h */
| #define PACKAGE_NAME "cppweka"
| #define PACKAGE_TARNAME "cppweka"
| #define PACKAGE_VERSION "1.0"
| #define PACKAGE_STRING "cppweka 1.0"
| #define PACKAGE_BUGREPORT "guo.18@wright.edu"
| #define PACKAGE_URL ""
| #define PACKAGE "cppweka"
| #define VERSION "1.0"
| #define STDC_HEADERS 1
| #define HAVE_SYS_TYPES_H 1
| #define HAVE_SYS_STAT_H 1
| #define HAVE_STDLIB_H 1
| #define HAVE_STRING_H 1
| #define HAVE_MEMORY_H 1
| #define HAVE_STRINGS_H 1
| #define HAVE_INTTYPES_H 1
| #define HAVE_STDINT_H 1
| #define HAVE_UNISTD_H 1
| #define HAVE__BOOL 1
| #define HAVE_STDBOOL_H 1
| /* end confdefs.h.  */
| /* Define floor to an innocuous variant, in case <limits.h> declares floor.
|    For example, HP-UX 11i <limits.h> declares gettimeofday.  */
| #define floor innocuous_floor
| 
| /* System header to define __stub macros and hopefully few prototypes,
|     which can conflict with char floor (); below.
|     Prefer <limits.h> to <assert.h> if __STDC__ is defined, since
|     <limits.h> exists even on freestanding compilers.  */
| 
| #ifdef __STDC__
| # include <limits.h>
| #else
| # include <assert.h>
| #endif
| 
| #undef floor
| 
| /* Override any GCC internal prototype to avoid an error.
|    Use char because int might match the return type of a GCC
|    builtin and then its argument prototype would still apply.  */
| #ifdef __cplusplus
| extern "C"
| #endif
| char floor ();
| /* The GNU C library defines this for functions which it implements
|     to always fail with ENOSYS.  Some functions are actually named
|     something starting with __ and the normal name is an alias.  */
| #if defined __stub_floor || defined __stub___floor
| choke me
| #endif
| 
| int
| main ()
| {
| return floor ();
|   ;
|   return 0;
| }
configure:4503: result: no
configure:4503: checking for pow
configure:4503: /usr/lib64/ccache/gcc -o conftest -g3 -gdwarf-2   conftest.c  >&5
conftest.c:46:6: warning: conflicting types for built-in function 'pow' [enabled by default]
/tmp/ccByBJw7.o: In function `main':
/home/ada/workspace/cppweka/core/conftest.c:57: undefined reference to `pow'
collect2: ld returned 1 exit status
configure:4503: $? = 1
configure: failed program was:
| /* confdefs.h */
| #define PACKAGE_NAME "cppweka"
| #define PACKAGE_TARNAME "cppweka"
| #define PACKAGE_VERSION "1.0"
| #define PACKAGE_STRING "cppweka 1.0"
| #define PACKAGE_BUGREPORT "guo.18@wright.edu"
| #define PACKAGE_URL ""
| #define PACKAGE "cppweka"
| #define VERSION "1.0"
| #define STDC_HEADERS 1
| #define HAVE_SYS_TYPES_H 1
| #define HAVE_SYS_STAT_H 1
| #define HAVE_STDLIB_H 1
| #define HAVE_STRING_H 1
| #define HAVE_MEMORY_H 1
| #define HAVE_STRINGS_H 1
| #define HAVE_INTTYPES_H 1
| #define HAVE_STDINT_H 1
| #define HAVE_UNISTD_H 1
| #define HAVE__BOOL 1
| #define HAVE_STDBOOL_H 1
| /* end confdefs.h.  */
| /* Define pow to an innocuous variant, in case <limits.h> declares pow.
|    For example, HP-UX 11i <limits.h> declares gettimeofday.  */
| #define pow innocuous_pow
| 
| /* System header to define __stub macros and hopefully few prototypes,
|     which can conflict with char pow (); below.
|     Prefer <limits.h> to <assert.h> if __STDC__ is defined, since
|     <limits.h> exists even on freestanding compilers.  */
| 
| #ifdef __STDC__
| # include <limits.h>
| #else
| # include <assert.h>
| #endif
| 
| #undef pow
| 
| /* Override any GCC internal prototype to avoid an error.
|    Use char because int might match the return type of a GCC
|    builtin and then its argument prototype would still apply.  */
| #ifdef __cplusplus
| extern "C"
| #endif
| char pow ();
| /* The GNU C library defines this for functions which it implements
|     to always fail with ENOSYS.  Some functions are actually named
|     something starting with __ and the normal name is an alias.  */
| #if defined __stub_pow || defined __stub___pow
| choke me
| #endif
| 
| int
| main ()
| {
| return pow ();
|   ;
|   return 0;
| }
configure:4503: result: no
configure:4503: checking for rint
configure:4503: /usr/lib64/ccache/gcc -o conftest -g3 -gdwarf-2   conftest.c  >&5
conftest.c:46:6: warning: conflicting types for built-in function 'rint' [enabled by default]
/tmp/ccmVdV9b.o: In function `main':
/home/ada/workspace/cppweka/core/conftest.c:57: undefined reference to `rint'
collect2: ld returned 1 exit status
configure:4503: $? = 1
configure: failed program was:
| /* confdefs.h */
| #define PACKAGE_NAME "cppweka"
| #define PACKAGE_TARNAME "cppweka"
| #define PACKAGE_VERSION "1.0"
| #define PACKAGE_STRING "cppweka 1.0"
| #define PACKAGE_BUGREPORT "guo.18@wright.edu"
| #define PACKAGE_URL ""
| #define PACKAGE "cppweka"
| #define VERSION "1.0"
| #define STDC_HEADERS 1
| #define HAVE_SYS_TYPES_H 1
| #define HAVE_SYS_STAT_H 1
| #define HAVE_STDLIB_H 1
| #define HAVE_STRING_H 1
| #define HAVE_MEMORY_H 1
| #define HAVE_STRINGS_H 1
| #define HAVE_INTTYPES_H 1
| #define HAVE_STDINT_H 1
| #define HAVE_UNISTD_H 1
| #define HAVE__BOOL 1
| #define HAVE_STDBOOL_H 1
| /* end confdefs.h.  */
| /* Define rint to an innocuous variant, in case <limits.h> declares rint.
|    For example, HP-UX 11i <limits.h> declares gettimeofday.  */
| #define rint innocuous_rint
| 
| /* System header to define __stub macros and hopefully few prototypes,
|     which can conflict with char rint (); below.
|     Prefer <limits.h> to <assert.h> if __STDC__ is defined, since
|     <limits.h> exists even on freestanding compilers.  */
| 
| #ifdef __STDC__
| # include <limits.h>
| #else
| # include <assert.h>
| #endif
| 
| #undef rint
| 
| /* Override any GCC internal prototype to avoid an error.
|    Use char because int might match the return type of a GCC
|    builtin and then its argument prototype would still apply.  */
| #ifdef __cplusplus
| extern "C"
| #endif
| char rint ();
| /* The GNU C library defines this for functions which it implements
|     to always fail with ENOSYS.  Some functions are actually named
|     something starting with __ and the normal name is an alias.  */
| #if defined __stub_rint || defined __stub___rint
| choke me
| #endif
| 
| int
| main ()
| {
| return rint ();
|   ;
|   return 0;
| }
configure:4503: result: no
configure:4503: checking for select
configure:4503: /usr/lib64/ccache/gcc -o conftest -g3 -gdwarf-2   conftest.c  >&5
configure:4503: $? = 0
configure:4503: result: yes
configure:4503: checking for sqrt
configure:4503: /usr/lib64/ccache/gcc -o conftest -g3 -gdwarf-2   conftest.c  >&5
conftest.c:47:6: warning: conflicting types for built-in function 'sqrt' [enabled by default]
/tmp/ccHZrDFk.o: In function `main':
/home/ada/workspace/cppweka/core/conftest.c:58: undefined reference to `sqrt'
collect2: ld returned 1 exit status
configure:4503: $? = 1
configure: failed program was:
| /* confdefs.h */
| #define PACKAGE_NAME "cppweka"
| #define PACKAGE_TARNAME "cppweka"
| #define PACKAGE_VERSION "1.0"
| #define PACKAGE_STRING "cppweka 1.0"
| #define PACKAGE_BUGREPORT "guo.18@wright.edu"
| #define PACKAGE_URL ""
| #define PACKAGE "cppweka"
| #define VERSION "1.0"
| #define STDC_HEADERS 1
| #define HAVE_SYS_TYPES_H 1
| #define HAVE_SYS_STAT_H 1
| #define HAVE_STDLIB_H 1
| #define HAVE_STRING_H 1
| #define HAVE_MEMORY_H 1
| #define HAVE_STRINGS_H 1
| #define HAVE_INTTYPES_H 1
| #define HAVE_STDINT_H 1
| #define HAVE_UNISTD_H 1
| #define HAVE__BOOL 1
| #define HAVE_STDBOOL_H 1
| #define HAVE_SELECT 1
| /* end confdefs.h.  */
| /* Define sqrt to an innocuous variant, in case <limits.h> declares sqrt.
|    For example, HP-UX 11i <limits.h> declares gettimeofday.  */
| #define sqrt innocuous_sqrt
| 
| /* System header to define __stub macros and hopefully few prototypes,
|     which can conflict with char sqrt (); below.
|     Prefer <limits.h> to <assert.h> if __STDC__ is defined, since
|     <limits.h> exists even on freestanding compilers.  */
| 
| #ifdef __STDC__
| # include <limits.h>
| #else
| # include <assert.h>
| #endif
| 
| #undef sqrt
| 
| /* Override any GCC internal prototype to avoid an error.
|    Use char because int might match the return type of a GCC
|    builtin and then its argument prototype would still apply.  */
| #ifdef __cplusplus
| extern "C"
| #endif
| char sqrt ();
| /* The GNU C library defines this for functions which it implements
|     to always fail with ENOSYS.  Some functions are actually named
|     something starting with __ and the normal name is an alias.  */
| #if defined __stub_sqrt || defined __stub___sqrt
| choke me
| #endif
| 
| int
| main ()
| {
| return sqrt ();
|   ;
|   return 0;
| }
configure:4503: result: no
configure:4649: creating ./config.status

## ---------------------- ##
## Running config.status. ##
## ---------------------- ##

This file was extended by cppweka config.status 1.0, which was
generated by GNU Autoconf 2.68.  Invocation command line was

  CONFIG_FILES    = 
  CONFIG_HEADERS  = 
  CONFIG_LINKS    = 
  CONFIG_COMMANDS = 
  $ ./config.status 

on knoesis157

config.status:868: creating Makefile
config.status:868: creating config.h
config.status:1049: config.h is unchanged
config.status:1097: executing depfiles commands

## ---------------- ##
## Cache variables. ##
## ---------------- ##

ac_cv_c_compiler_gnu=yes
ac_cv_cxx_compiler_gnu=yes
ac_cv_env_CCC_set=
ac_cv_env_CCC_value=
ac_cv_env_CC_set=set
ac_cv_env_CC_value=/usr/lib64/ccache/gcc
ac_cv_env_CFLAGS_set=set
ac_cv_env_CFLAGS_value='-g3 -gdwarf-2'
ac_cv_env_CPPFLAGS_set=
ac_cv_env_CPPFLAGS_value=
ac_cv_env_CPP_set=
ac_cv_env_CPP_value=
ac_cv_env_CXXFLAGS_set=set
ac_cv_env_CXXFLAGS_value='-g3 -gdwarf-2'
ac_cv_env_CXX_set=set
ac_cv_env_CXX_value=/usr/lib64/ccache/g++
ac_cv_env_LDFLAGS_set=
ac_cv_env_LDFLAGS_value=
ac_cv_env_LIBS_set=
ac_cv_env_LIBS_value=
ac_cv_env_build_alias_set=
ac_cv_env_build_alias_value=
ac_cv_env_host_alias_set=
ac_cv_env_host_alias_value=
ac_cv_env_target_alias_set=
ac_cv_env_target_alias_value=
ac_cv_func_floor=no
ac_cv_func_pow=no
ac_cv_func_rint=no
ac_cv_func_select=yes
ac_cv_func_sqrt=no
ac_cv_header_inttypes_h=yes
ac_cv_header_memory_h=yes
ac_cv_header_stdbool_h=yes
ac_cv_header_stdc=yes
ac_cv_header_stdint_h=yes
ac_cv_header_stdlib_h=yes
ac_cv_header_string_h=yes
ac_cv_header_strings_h=yes
ac_cv_header_sys_stat_h=yes
ac_cv_header_sys_types_h=yes
ac_cv_header_unistd_h=yes
ac_cv_objext=o
ac_cv_path_EGREP='/bin/grep -E'
ac_cv_path_GREP=/bin/grep
ac_cv_path_install='/usr/bin/install -c'
ac_cv_path_mkdir=/bin/mkdir
ac_cv_prog_AWK=gawk
ac_cv_prog_CPP='/usr/lib64/ccache/gcc -E'
ac_cv_prog_ac_ct_CC=/usr/lib64/ccache/gcc
ac_cv_prog_cc_c89=
ac_cv_prog_cc_g=yes
ac_cv_prog_cxx_g=yes
ac_cv_prog_make_make_set=yes
ac_cv_type__Bool=yes
am_cv_CC_dependencies_compiler_type=gcc3
am_cv_CXX_dependencies_compiler_type=gcc3

## ----------------- ##
## Output variables. ##
## ----------------- ##

ACLOCAL='${SHELL} /home/ada/workspace/cppweka/core/missing --run aclocal-1.11'
AMDEPBACKSLASH='\'
AMDEP_FALSE='#'
AMDEP_TRUE=''
AMTAR='${SHELL} /home/ada/workspace/cppweka/core/missing --run tar'
AUTOCONF='${SHELL} /home/ada/workspace/cppweka/core/missing --run autoconf'
AUTOHEADER='${SHELL} /home/ada/workspace/cppweka/core/missing --run autoheader'
AUTOMAKE='${SHELL} /home/ada/workspace/cppweka/core/missing --run automake-1.11'
AWK='gawk'
CC='/usr/lib64/ccache/gcc'
CCDEPMODE='depmode=gcc3'
CFLAGS='-g3 -gdwarf-2'
CPP='/usr/lib64/ccache/gcc -E'
CPPFLAGS=''
CXX='/usr/lib64/ccache/g++'
CXXDEPMODE='depmode=gcc3'
CXXFLAGS='-g3 -gdwarf-2'
CYGPATH_W='echo'
DEFS='-DHAVE_CONFIG_H'
DEPDIR='.deps'
ECHO_C=''
ECHO_N='-n'
ECHO_T=''
EGREP='/bin/grep -E'
EXEEXT=''
GREP='/bin/grep'
INSTALL_DATA='${INSTALL} -m 644'
INSTALL_PROGRAM='${INSTALL}'
INSTALL_SCRIPT='${INSTALL}'
INSTALL_STRIP_PROGRAM='$(install_sh) -c -s'
LDFLAGS=''
LIBOBJS=''
LIBS=''
LTLIBOBJS=''
MAKEINFO='${SHELL} /home/ada/workspace/cppweka/core/missing --run makeinfo'
MKDIR_P='/bin/mkdir -p'
OBJEXT='o'
PACKAGE='cppweka'
PACKAGE_BUGREPORT='guo.18@wright.edu'
PACKAGE_NAME='cppweka'
PACKAGE_STRING='cppweka 1.0'
PACKAGE_TARNAME='cppweka'
PACKAGE_URL=''
PACKAGE_VERSION='1.0'
PATH_SEPARATOR=':'
SET_MAKE=''
SHELL='/bin/sh'
STRIP=''
VERSION='1.0'
ac_ct_CC='/usr/lib64/ccache/gcc'
ac_ct_CXX=''
am__EXEEXT_FALSE=''
am__EXEEXT_TRUE='#'
am__fastdepCC_FALSE='#'
am__fastdepCC_TRUE=''
am__fastdepCXX_FALSE='#'
am__fastdepCXX_TRUE=''
am__include='include'
am__isrc=''
am__leading_dot='.'
am__quote=''
am__tar='${AMTAR} chof - "$$tardir"'
am__untar='${AMTAR} xf -'
bindir='${exec_prefix}/bin'
build_alias=''
datadir='${datarootdir}'
datarootdir='${prefix}/share'
docdir='${datarootdir}/doc/${PACKAGE_TARNAME}'
dvidir='${docdir}'
exec_prefix='${prefix}'
host_alias=''
htmldir='${docdir}'
includedir='${prefix}/include'
infodir='${datarootdir}/info'
install_sh='${SHELL} /home/ada/workspace/cppweka/core/install-sh'
libdir='${exec_prefix}/lib'
libexecdir='${exec_prefix}/libexec'
localedir='${datarootdir}/locale'
localstatedir='${prefix}/var'
mandir='${datarootdir}/man'
mkdir_p='/bin/mkdir -p'
oldincludedir='/usr/include'
pdfdir='${docdir}'
prefix='/usr/local'
program_transform_name='s,x,x,'
psdir='${docdir}'
sbindir='${exec_prefix}/sbin'
sharedstatedir='${prefix}/com'
sysconfdir='${prefix}/etc'
target_alias=''

## ----------- ##
## confdefs.h. ##
## ----------- ##

/* confdefs.h */
#define PACKAGE_NAME "cppweka"
#define PACKAGE_TARNAME "cppweka"
#define PACKAGE_VERSION "1.0"
#define PACKAGE_STRING "cppweka 1.0"
#define PACKAGE_BUGREPORT "guo.18@wright.edu"
#define PACKAGE_URL ""
#define PACKAGE "cppweka"
#define VERSION "1.0"
#define STDC_HEADERS 1
#define HAVE_SYS_TYPES_H 1
#define HAVE_SYS_STAT_H 1
#define HAVE_STDLIB_H 1
#define HAVE_STRING_H 1
#define HAVE_MEMORY_H 1
#define HAVE_STRINGS_H 1
#define HAVE_INTTYPES_H 1
#define HAVE_STDINT_H 1
#define HAVE_UNISTD_H 1
#define HAVE__BOOL 1
#define HAVE_STDBOOL_H 1
#define HAVE_SELECT 1

configure: exit 0
